c:\users\khj06\desktop\immerseflow\project file 2\project\project\x64\release\adsolver.cu.obj
c:\users\khj06\desktop\immerseflow\project file 2\project\project\x64\release\ad_ppe_correction.cu.obj
c:\users\khj06\desktop\immerseflow\project file 2\project\project\x64\release\globalvariables.cu.obj
c:\users\khj06\desktop\immerseflow\project file 2\project\project\x64\release\postsim.cu.obj
c:\users\khj06\desktop\immerseflow\project file 2\project\project\x64\release\ppesolver.cu.obj
c:\users\khj06\desktop\immerseflow\project file 2\project\project\x64\release\presim.cu.obj
c:\users\khj06\desktop\immerseflow\project file 2\project\project\x64\release\main.cu.obj
c:\users\khj06\desktop\immerseflow\project file 2\project\x64\release\project.exe
c:\users\khj06\desktop\immerseflow\project file 2\project\x64\release\project.pdb
c:\users\khj06\desktop\immerseflow\project file 2\project\x64\release\project.lib
c:\users\khj06\desktop\immerseflow\project file 2\project\x64\release\project.exp
c:\users\khj06\desktop\immerseflow\project file 2\project\project\x64\release\adsolver.cu.cache
c:\users\khj06\desktop\immerseflow\project file 2\project\project\x64\release\ad_ppe_correction.cu.cache
c:\users\khj06\desktop\immerseflow\project file 2\project\project\x64\release\globalvariables.cu.cache
c:\users\khj06\desktop\immerseflow\project file 2\project\project\x64\release\main.cu.cache
c:\users\khj06\desktop\immerseflow\project file 2\project\project\x64\release\postsim.cu.cache
c:\users\khj06\desktop\immerseflow\project file 2\project\project\x64\release\ppesolver.cu.cache
c:\users\khj06\desktop\immerseflow\project file 2\project\project\x64\release\presim.cu.cache
c:\users\khj06\desktop\immerseflow\project file 2\project\project\x64\release\project.tlog\cudacompile.read.1u.tlog
c:\users\khj06\desktop\immerseflow\project file 2\project\project\x64\release\project.tlog\cudacompile.write.1u.tlog
c:\users\khj06\desktop\immerseflow\project file 2\project\project\x64\release\project.tlog\link.command.1.tlog
c:\users\khj06\desktop\immerseflow\project file 2\project\project\x64\release\project.tlog\link.read.1.tlog
c:\users\khj06\desktop\immerseflow\project file 2\project\project\x64\release\project.tlog\link.secondary.1.tlog
c:\users\khj06\desktop\immerseflow\project file 2\project\project\x64\release\project.tlog\link.write.1.tlog
