c:\users\khj06\desktop\immerseflow\project file\project\project\x64\release\globalvariables.cu.obj
c:\users\khj06\desktop\immerseflow\project file\project\project\x64\release\kernel.cu.obj
c:\users\khj06\desktop\immerseflow\project file\project\project\x64\release\main.cu.obj
c:\users\khj06\desktop\immerseflow\project file\project\project\x64\release\postsim.cu.obj
c:\users\khj06\desktop\immerseflow\project file\project\project\x64\release\presim.cu.obj
c:\users\khj06\desktop\immerseflow\project file\project\project\x64\release\globalvariables.cu.cache
c:\users\khj06\desktop\immerseflow\project file\project\project\x64\release\kernel.cu.cache
c:\users\khj06\desktop\immerseflow\project file\project\project\x64\release\main.cu.cache
c:\users\khj06\desktop\immerseflow\project file\project\project\x64\release\postsim.cu.cache
c:\users\khj06\desktop\immerseflow\project file\project\project\x64\release\presim.cu.cache
c:\users\khj06\desktop\immerseflow\project file\project\x64\release\project.pdb
c:\users\khj06\desktop\immerseflow\project file\project\project\x64\release\project.tlog\cudacompile.read.1u.tlog
c:\users\khj06\desktop\immerseflow\project file\project\project\x64\release\project.tlog\cudacompile.write.1u.tlog
c:\users\khj06\desktop\immerseflow\project file\project\project\x64\release\project.tlog\link-cvtres.read.1.tlog
c:\users\khj06\desktop\immerseflow\project file\project\project\x64\release\project.tlog\link-cvtres.write.1.tlog
c:\users\khj06\desktop\immerseflow\project file\project\project\x64\release\project.tlog\link-rc.read.1.tlog
c:\users\khj06\desktop\immerseflow\project file\project\project\x64\release\project.tlog\link-rc.write.1.tlog
c:\users\khj06\desktop\immerseflow\project file\project\project\x64\release\project.tlog\link.command.1.tlog
c:\users\khj06\desktop\immerseflow\project file\project\project\x64\release\project.tlog\link.read.1.tlog
c:\users\khj06\desktop\immerseflow\project file\project\project\x64\release\project.tlog\link.read.2.tlog
c:\users\khj06\desktop\immerseflow\project file\project\project\x64\release\project.tlog\link.read.3.tlog
c:\users\khj06\desktop\immerseflow\project file\project\project\x64\release\project.tlog\link.write.1.tlog
