c:\users\khj06\desktop\immerseflow\project file 2\project\project\x64\debug\globalvariables.cu.obj
c:\users\khj06\desktop\immerseflow\project file 2\project\project\x64\debug\postsim.cu.obj
c:\users\khj06\desktop\immerseflow\project file 2\project\project\x64\debug\presim.cu.obj
c:\users\khj06\desktop\immerseflow\project file 2\project\project\x64\debug\main.cu.obj
c:\users\khj06\desktop\immerseflow\project file 2\project\x64\debug\project.exe
c:\users\khj06\desktop\immerseflow\project file 2\project\x64\debug\project.pdb
c:\users\khj06\desktop\immerseflow\project file 2\project\x64\debug\project.lib
c:\users\khj06\desktop\immerseflow\project file 2\project\x64\debug\project.exp
c:\users\khj06\desktop\immerseflow\project file 2\project\project\x64\debug\project.ilk
c:\users\khj06\desktop\immerseflow\project file 2\project\project\x64\debug\globalvariables.cu.cache
c:\users\khj06\desktop\immerseflow\project file 2\project\project\x64\debug\main.cu.cache
c:\users\khj06\desktop\immerseflow\project file 2\project\project\x64\debug\postsim.cu.cache
c:\users\khj06\desktop\immerseflow\project file 2\project\project\x64\debug\presim.cu.cache
c:\users\khj06\desktop\immerseflow\project file 2\project\project\x64\debug\vc143.pdb
c:\users\khj06\desktop\immerseflow\project file 2\project\project\x64\debug\project.tlog\cudacompile.read.1u.tlog
c:\users\khj06\desktop\immerseflow\project file 2\project\project\x64\debug\project.tlog\cudacompile.write.1u.tlog
c:\users\khj06\desktop\immerseflow\project file 2\project\project\x64\debug\project.tlog\link.command.1.tlog
c:\users\khj06\desktop\immerseflow\project file 2\project\project\x64\debug\project.tlog\link.read.1.tlog
c:\users\khj06\desktop\immerseflow\project file 2\project\project\x64\debug\project.tlog\link.secondary.1.tlog
c:\users\khj06\desktop\immerseflow\project file 2\project\project\x64\debug\project.tlog\link.write.1.tlog
